<?xml version="1.0" encoding="UTF-8"?>
<testng-results skipped="0" failed="0" ignored="0" total="1" passed="1">
  <reporter-output>
  </reporter-output>
  <suite name="InetBankingV1" duration-ms="14212" started-at="2018-12-29T07:04:59Z" finished-at="2018-12-29T07:05:13Z">
    <groups>
    </groups>
    <test name="BankingApp Test" duration-ms="14212" started-at="2018-12-29T07:04:59Z" finished-at="2018-12-29T07:05:13Z">
      <class name="com.inetbanking.testCases.TC_LoginTest_001">
        <test-method status="PASS" signature="setup()[pri:0, instance:com.inetbanking.testCases.TC_LoginTest_001@39c0f4a]" name="setup" is-config="true" duration-ms="8591" started-at="2018-12-29T07:04:59Z" finished-at="2018-12-29T07:05:07Z">
          <reporter-output>
          </reporter-output>
        </test-method> <!-- setup -->
        <test-method status="PASS" signature="LoginTest()[pri:0, instance:com.inetbanking.testCases.TC_LoginTest_001@39c0f4a]" name="LoginTest" duration-ms="4866" started-at="2018-12-29T07:05:07Z" finished-at="2018-12-29T07:05:12Z">
          <reporter-output>
          </reporter-output>
        </test-method> <!-- LoginTest -->
        <test-method status="PASS" signature="tearDown()[pri:0, instance:com.inetbanking.testCases.TC_LoginTest_001@39c0f4a]" name="tearDown" is-config="true" duration-ms="707" started-at="2018-12-29T07:05:12Z" finished-at="2018-12-29T07:05:13Z">
          <reporter-output>
          </reporter-output>
        </test-method> <!-- tearDown -->
      </class> <!-- com.inetbanking.testCases.TC_LoginTest_001 -->
    </test> <!-- BankingApp Test -->
  </suite> <!-- InetBankingV1 -->
</testng-results>
